<?xml version="1.0" encoding="UTF-8"?>
<!-- Generated by org.testng.reporters.JUnitReportReporter -->
<testsuite skipped="1" hostname="WINCTRL-HCOKKA5" name="com.crm.qa.testcases.ContactsPageTest" tests="2" failures="0" timestamp="13 Mar 2018 06:23:28 GMT" time="45.640" errors="0">
  <testcase name="verifyContactsPageLable" time="45.640" classname="com.crm.qa.testcases.ContactsPageTest"/>
  <testcase name="validateCreateNewContact" time="0.000" classname="com.crm.qa.testcases.ContactsPageTest">
    <skipped/>
  </testcase> <!-- validateCreateNewContact -->
</testsuite> <!-- com.crm.qa.testcases.ContactsPageTest -->
