<?xml version="1.0" encoding="UTF-8"?>
<!-- Generated by org.testng.reporters.JUnitReportReporter -->
<testsuite skipped="0" hostname="WINCTRL-HCOKKA5" name="com.crm.qa.testcases.LoginPageTest" tests="3" failures="0" timestamp="19 Feb 2018 07:59:36 GMT" time="64.116" errors="0">
  <testcase name="loginPageTitleTest" time="25.162" classname="com.crm.qa.testcases.LoginPageTest"/>
  <testcase name="validateCrmImage" time="17.373" classname="com.crm.qa.testcases.LoginPageTest"/>
  <testcase name="loginTest" time="21.581" classname="com.crm.qa.testcases.LoginPageTest"/>
</testsuite> <!-- com.crm.qa.testcases.LoginPageTest -->
